<?xml version="1.0" encoding="UTF-8"?>
<!-- Generated by org.testng.reporters.JUnitReportReporter -->
<testsuite hostname="3MTEST" failures="0" tests="1" name="RioQA.DemoMavenEclipseProject.excelreadWrite" time="0.439" errors="0" timestamp="20 Sep 2018 15:48:07 GMT" skipped="0">
  <testcase classname="RioQA.DemoMavenEclipseProject.excelreadWrite" name="readExcel" time="0.439"/>
</testsuite> <!-- RioQA.DemoMavenEclipseProject.excelreadWrite -->
