<?xml version="1.0" encoding="UTF-8"?>
<!-- Generated by org.testng.reporters.JUnitReportReporter -->
<testsuite hostname="3MTEST" failures="0" tests="1" name="RioQA.DemoMavenEclipseProject.accessCases" time="2.615" errors="0" timestamp="05 Oct 2018 14:21:51 GMT" skipped="0">
  <testcase classname="RioQA.DemoMavenEclipseProject.accessCases" name="f" time="2.615"/>
</testsuite> <!-- RioQA.DemoMavenEclipseProject.accessCases -->
