<?xml version="1.0" encoding="UTF-8"?>
<!-- Generated by org.testng.reporters.JUnitReportReporter -->
<testsuite hostname="3MTEST" failures="0" tests="1" name="Tests.newOrder_Test" time="207.995" errors="0" timestamp="16 Oct 2018 14:31:50 GMT" skipped="0">
  <testcase classname="Tests.newOrder_Test" name="newPatientOrder" time="207.995"/>
</testsuite> <!-- Tests.newOrder_Test -->
