<?xml version="1.0" encoding="UTF-8"?>
<!-- Generated by org.testng.reporters.JUnitReportReporter -->
<testsuite hostname="3MTEST" failures="0" tests="1" name="RioQA.DemoMavenEclipseProject.NewTest" time="0.005" errors="0" timestamp="14 Aug 2018 10:16:10 GMT" skipped="0">
  <testcase classname="RioQA.DemoMavenEclipseProject.NewTest" name="f" time="0.005"/>
</testsuite> <!-- RioQA.DemoMavenEclipseProject.NewTest -->
