<?xml version="1.0" encoding="UTF-8"?>
<!-- Generated by org.testng.reporters.JUnitReportReporter -->
<testsuite hostname="3MTEST" failures="0" tests="1" name="Tests.loginPage_Test" time="1.214" errors="0" timestamp="25 Sep 2018 16:25:53 GMT" skipped="0">
  <testcase classname="Tests.loginPage_Test" name="invalidUN" time="1.214"/>
</testsuite> <!-- Tests.loginPage_Test -->
