<?xml version="1.0" encoding="UTF-8"?>
<!-- Generated by org.testng.reporters.JUnitReportReporter -->
<testsuite hostname="3MTEST" failures="0" tests="1" name="PageObjects.browserSetup" time="13.264" errors="0" timestamp="16 Aug 2018 15:35:10 GMT" skipped="0">
  <testcase classname="PageObjects.browserSetup" name="setDriver" time="13.264"/>
</testsuite> <!-- PageObjects.browserSetup -->
