<?xml version="1.0" encoding="UTF-8"?>
<!-- Generated by org.testng.reporters.JUnitReportReporter -->
<testsuite hostname="3MTEST" failures="0" tests="1" name="RioQA.DemoMavenEclipseProject.sampleAlert" time="40.573" errors="0" timestamp="14 Aug 2018 14:09:25 GMT" skipped="0">
  <testcase classname="RioQA.DemoMavenEclipseProject.sampleAlert" name="f" time="40.573"/>
</testsuite> <!-- RioQA.DemoMavenEclipseProject.sampleAlert -->
